<?xml version="1.0" encoding="UTF-8"?>
<!-- Generated by org.testng.reporters.JUnitXMLReporter -->
<testsuite ignored="0" hostname="LAPTOP-9H358MQU" failures="1" tests="10" name="HMS ADMIN LOGIN TESTCASES" time="528.735" errors="0" timestamp="2021-06-17T12:22:29 IST">
  <testcase classname="HMS.admin.testcases.LoginpageTest" name="verifytitle" time="0.165"/>
  <testcase classname="HMS.admin.testcases.LoginpageTest" name="verifylogo" time="0.466"/>
  <testcase classname="HMS.admin.testcases.LoginpageTest" name="logintest" time="32.239"/>
  <testcase classname="HMS.admin.testcases.HomepageTest" name="verifyHomePageTitleTest" time="0.061">
    <failure type="java.lang.AssertionError" message="Home page title not matched expected [Smart Hospital and Research] but found [Smart Hospital Management System]">
      <![CDATA[java.lang.AssertionError: Home page title not matched expected [Smart Hospital and Research] but found [Smart Hospital Management System]
at HMS.admin.testcases.HomepageTest.verifyHomePageTitleTest(HomepageTest.java:33)
at java.base/java.util.ArrayList.forEach(ArrayList.java:1511)
... Removed 32 stack frames]]>
    </failure>
  </testcase> <!-- verifyHomePageTitleTest -->
  <testcase classname="HMS.admin.testcases.HomepageTest" name="verifyUserNameTest" time="0.549"/>
  <testcase classname="HMS.admin.testcases.HomepageTest" name="clickonfrontoffice" time="15.509"/>
  <testcase classname="HMS.admin.testcases.FrontofficeTest" name="verifytabletitle" time="0.071"/>
  <testcase classname="HMS.admin.testcases.FrontofficeTest" name="clickonvistor" time="16.236"/>
  <testcase classname="HMS.admin.testcases.VistorpageTest" name="addvisitor" time="6.618"/>
  <testcase classname="HMS.admin.testcases.VistorpageTest" name="addvisitor" time="6.214"/>
</testsuite> <!-- HMS ADMIN LOGIN TESTCASES -->
