<?xml version="1.0" encoding="UTF-8"?>
<!-- Generated by org.testng.reporters.JUnitXMLReporter -->
<testsuite ignored="0" hostname="Admin-PC" failures="0" tests="3" name="Test" time="0.077" errors="0" timestamp="2021-01-06T18:13:23 IST">
  <testcase classname="HMS.admin.testcases.LoginpageTest" name="@BeforeMethod setup" time="0.005">
    <failure type="java.lang.NullPointerException" message="Cannot invoke &amp;quot;String.equals(Object)&amp;quot; because &amp;quot;browserName&amp;quot; is null">
      <![CDATA[java.lang.NullPointerException: Cannot invoke "String.equals(Object)" because "browserName" is null
at HMS.base.hmstestbase.initialization(hmstestbase.java:40)
at HMS.admin.testcases.LoginpageTest.setup(LoginpageTest.java:22)
at java.base/java.util.ArrayList.forEach(ArrayList.java:1511)
... Removed 31 stack frames]]>
    </failure>
  </testcase> <!-- @BeforeMethod setup -->
  <testcase classname="HMS.admin.testcases.LoginpageTest" name="@AfterMethod tearDown" time="-1.609937003389E9">
    <skipped/>
  </testcase> <!-- @AfterMethod tearDown -->
  <testcase classname="HMS.admin.testcases.LoginpageTest" name="@BeforeMethod setup" time="-1.609937003393E9">
    <skipped/>
  </testcase> <!-- @BeforeMethod setup -->
  <testcase classname="HMS.admin.testcases.LoginpageTest" name="@AfterMethod tearDown" time="-1.609937003399E9">
    <skipped/>
  </testcase> <!-- @AfterMethod tearDown -->
  <testcase classname="HMS.admin.testcases.LoginpageTest" name="@BeforeMethod setup" time="-1.6099370034E9">
    <skipped/>
  </testcase> <!-- @BeforeMethod setup -->
  <testcase classname="HMS.admin.testcases.LoginpageTest" name="@AfterMethod tearDown" time="-1.609937003405E9">
    <skipped/>
  </testcase> <!-- @AfterMethod tearDown -->
  <testcase classname="HMS.admin.testcases.LoginpageTest" name="verifytitle" time="0.0">
    <skipped/>
  </testcase> <!-- verifytitle -->
  <testcase classname="HMS.admin.testcases.LoginpageTest" name="logintest" time="0.0">
    <skipped/>
  </testcase> <!-- logintest -->
  <testcase classname="HMS.admin.testcases.LoginpageTest" name="verifylogo" time="0.0">
    <skipped/>
  </testcase> <!-- verifylogo -->
</testsuite> <!-- Test -->
